This example tests CompilerPassFileFinderOptions

array:4 [
  "directories" => array:1 [
    0 => "/home/ldl/projects/ldl-container-builder/example/Build"
  ]
  "excludedDirectories" => []
  "excludedFiles" => []
  "patterns" => array:1 [
    0 => "#^.*CompilerPass.php$#"
  ]
]

Recreate options from JSON file:

array:4 [
  "directories" => array:1 [
    0 => "/home/ldl/projects/ldl-container-builder/example/Build"
  ]
  "excludedDirectories" => []
  "excludedFiles" => []
  "patterns" => array:1 [
    0 => "#^.*CompilerPass.php$#"
  ]
]